<?xml version="1.0" encoding="utf-8"?><testsuites name="pytest tests"><testsuite name="pytest" errors="0" failures="0" skipped="0" tests="26" time="18.126" timestamp="2026-05-24T22:37:21.763434+00:00" hostname="agent-env-3cebdbec-b1df-4a4e-a3ea-d70221702bdc"><testcase classname="tests.test_phase4_backend.TestAuth" name="test_login_success" time="0.597" /><testcase classname="tests.test_phase4_backend.TestAuth" name="test_login_bad_password" time="0.409" /><testcase classname="tests.test_phase4_backend.TestAuth" name="test_me_without_bearer_401" time="0.050" /><testcase classname="tests.test_phase4_backend.TestAuth" name="test_me_with_bearer_200" time="0.336" /><testcase classname="tests.test_phase4_backend.TestAuth" name="test_me_with_invalid_bearer_401" time="0.319" /><testcase classname="tests.test_phase4_backend.TestAuth" name="test_refresh_valid_returns_new_tokens" time="0.342" /><testcase classname="tests.test_phase4_backend.TestAuth" name="test_refresh_bogus_returns_4xx" time="0.319" /><testcase classname="tests.test_phase4_backend.TestAuth" name="test_logout_without_bearer_401" time="0.050" /><testcase classname="tests.test_phase4_backend.TestAuth" name="test_logout_with_bearer_200" time="0.327" /><testcase classname="tests.test_phase4_backend.TestAuth" name="test_signup_returns_200_with_user" time="0.416" /><testcase classname="tests.test_phase4_backend.TestWipeAndSync" name="test_wipe_all" time="2.085" /><testcase classname="tests.test_phase4_backend.TestWipeAndSync" name="test_sync_returns_zero_counts" time="2.513" /><testcase classname="tests.test_phase4_backend.TestInventoryMovements" name="test_list_inventory_movements" time="0.345" /><testcase classname="tests.test_phase4_backend.TestPartsCRUDAndSupplier" name="test_create_supplier_for_parts" time="0.352" /><testcase classname="tests.test_phase4_backend.TestPartsCRUDAndSupplier" name="test_create_part_with_supplier_id" time="0.348" /><testcase classname="tests.test_phase4_backend.TestPartsCRUDAndSupplier" name="test_get_part_persists_supplier_id" time="0.376" /><testcase classname="tests.test_phase4_backend.TestPartsCRUDAndSupplier" name="test_delete_part" time="0.703" /><testcase classname="tests.test_phase4_backend.TestJournalSideEffects" name="test_invoice_creates_journal_entry" time="1.453" /><testcase classname="tests.test_phase4_backend.TestJournalSideEffects" name="test_expense_cash_creates_journal_entry" time="1.417" /><testcase classname="tests.test_phase4_backend.TestJournalSideEffects" name="test_purchase_creates_journal_entry" time="1.420" /><testcase classname="tests.test_phase4_backend.TestSmokeCRUD" name="test_customers_crud" time="1.037" /><testcase classname="tests.test_phase4_backend.TestSmokeCRUD" name="test_suppliers_list" time="0.343" /><testcase classname="tests.test_phase4_backend.TestSmokeCRUD" name="test_expenses_list" time="0.350" /><testcase classname="tests.test_phase4_backend.TestSmokeCRUD" name="test_purchases_list" time="0.335" /><testcase classname="tests.test_phase4_backend.TestSmokeCRUD" name="test_accounts_list" time="0.366" /><testcase classname="tests.test_phase4_backend.TestSmokeCRUD" name="test_health" time="1.420" /></testsuite></testsuites>